<?xml version="1.0" encoding="UTF-8"?>
<!-- Generated by org.testng.reporters.JUnitXMLReporter -->
<testsuite hostname="TECH-LP-372" ignored="0" name="Test" tests="5" failures="0" timestamp="31 Aug 2018 10:12:05 GMT" time="167.076" errors="0">
  <testcase name="testLogo" time="26.071" classname="com.techaspect.framework.testcases.HomePageTest"/>
  <testcase name="testSocialShareLinks" time="83.015" classname="com.techaspect.framework.testcases.HomePageTest"/>
  <testcase name="testSocialShareLinks" time="19.383" classname="com.techaspect.framework.testcases.HomePageTest"/>
  <testcase name="testSocialShareLinks" time="10.483" classname="com.techaspect.framework.testcases.HomePageTest"/>
  <testcase name="testSocialShareLinks" time="0.001" classname="com.techaspect.framework.testcases.HomePageTest">
    <skipped/>
  </testcase> <!-- testSocialShareLinks -->
</testsuite> <!-- Test -->
