<?xml version="1.0" encoding="UTF-8"?>
<testsuite name="TestSuite" time="5.66" tests="8" errors="0" skipped="5" failures="1">
  <properties>
[...]
</properties>
  <testcase name="testLogo" classname="com.techaspect.framework.testcases.HomePageTest" time="5.66"/>
  <testcase name="testSocialShareLinks" classname="com.techaspect.framework.testcases.HomePageTest" time="0">
    <skipped/>
    <system-err><![CDATA[Starting ChromeDriver 2.41.578737 (49da6702b16031c40d63e5618de03a32ff6c197e) on port 48770
Only local connections are allowed.
Aug 28, 2018 12:38:53 PM org.openqa.selenium.remote.ProtocolHandshake createSession
INFO: Detected dialect: OSS
]]></system-err>
  </testcase>
  <testcase name="testSocialShareLinks" classname="com.techaspect.framework.testcases.HomePageTest" time="57.664">
    <failure message="expected [Home Centre India - Home] but found [Home Centre India - Home | Facebook]" type="java.lang.AssertionError">java.lang.AssertionError: expected [Home Centre India - Home] but found [Home Centre India - Home | Facebook]
	at org.testng.Assert.fail(Assert.java:93)
	at org.testng.Assert.failNotEquals(Assert.java:512)
	at org.testng.Assert.assertEqualsImpl(Assert.java:134)
	at org.testng.Assert.assertEquals(Assert.java:115)
	at org.testng.Assert.assertEquals(Assert.java:189)
	at org.testng.Assert.assertEquals(Assert.java:199)
	at com.techaspect.framework.testcases.HomePageTest.testSocialShareLinks(HomePageTest.java:38)
</failure>
    <system-err><![CDATA[Starting ChromeDriver 2.41.578737 (49da6702b16031c40d63e5618de03a32ff6c197e) on port 2424
Only local connections are allowed.
Aug 28, 2018 12:39:50 PM org.openqa.selenium.remote.ProtocolHandshake createSession
INFO: Detected dialect: OSS
]]></system-err>
  </testcase>
  <testcase name="testSocialShareLinks" classname="com.techaspect.framework.testcases.HomePageTest" time="8.602"/>
  <testcase name="testSocialShareLinks" classname="com.techaspect.framework.testcases.HomePageTest" time="0">
    <skipped/>
    <system-err><![CDATA[Starting ChromeDriver 2.41.578737 (49da6702b16031c40d63e5618de03a32ff6c197e) on port 39672
Only local connections are allowed.
Aug 28, 2018 12:41:06 PM org.openqa.selenium.remote.ProtocolHandshake createSession
INFO: Detected dialect: OSS
]]></system-err>
  </testcase>
  <testcase name="testSocialShareLinks" classname="com.techaspect.framework.testcases.HomePageTest" time="0">
    <skipped/>
    <system-err><![CDATA[Starting ChromeDriver 2.41.578737 (49da6702b16031c40d63e5618de03a32ff6c197e) on port 30444
Only local connections are allowed.
Aug 28, 2018 12:41:11 PM org.openqa.selenium.remote.ProtocolHandshake createSession
INFO: Detected dialect: OSS
]]></system-err>
  </testcase>
  <testcase name="testSocialShareLinks" classname="com.techaspect.framework.testcases.HomePageTest" time="0">
    <skipped/>
    <system-err><![CDATA[Starting ChromeDriver 2.41.578737 (49da6702b16031c40d63e5618de03a32ff6c197e) on port 21645
Only local connections are allowed.
Aug 28, 2018 12:41:15 PM org.openqa.selenium.remote.ProtocolHandshake createSession
INFO: Detected dialect: OSS
]]></system-err>
  </testcase>
  <testcase name="testSocialShareLinks" classname="com.techaspect.framework.testcases.HomePageTest" time="0">
    <skipped/>
    <system-err><![CDATA[Starting ChromeDriver 2.41.578737 (49da6702b16031c40d63e5618de03a32ff6c197e) on port 34157
Only local connections are allowed.
Aug 28, 2018 12:41:20 PM org.openqa.selenium.remote.ProtocolHandshake createSession
INFO: Detected dialect: OSS
]]></system-err>
  </testcase>
</testsuite>