<?xml version="1.0" encoding="UTF-8"?>
<testsuite name="TestSuite" time="109.077" tests="5" errors="0" skipped="1" failures="0">
  <properties>
[...]
</properties>
  <testcase name="testLogo" classname="com.techaspect.framework.testcases.HomePageTest" time="26.062"/>
  <testcase name="testSocialShareLinks" classname="com.techaspect.framework.testcases.HomePageTest" time="83.015"/>
  <testcase name="testSocialShareLinks" classname="com.techaspect.framework.testcases.HomePageTest" time="19.384"/>
  <testcase name="testSocialShareLinks" classname="com.techaspect.framework.testcases.HomePageTest" time="10.49"/>
  <testcase name="testSocialShareLinks" classname="com.techaspect.framework.testcases.HomePageTest" time="0">
    <skipped/>
    <system-err><![CDATA[Starting ChromeDriver 2.41.578737 (49da6702b16031c40d63e5618de03a32ff6c197e) on port 32151
Only local connections are allowed.
Aug 31, 2018 3:42:03 PM org.openqa.selenium.remote.ProtocolHandshake createSession
INFO: Detected dialect: OSS
]]></system-err>
  </testcase>
</testsuite>