<?xml version="1.0" encoding="UTF-8"?>
<testsuite name="Test"
           tests="5"
           failures="0"
           errors="0"
           skipped="1"
           time="138.953">
  <properties />
  
            <testcase name="testSocialShareLinks" time="0.0" classname="com.techaspect.framework.testcases.HomePageTest">
          <skipped />
    </testcase>
  
            <testcase name="testSocialShareLinks" time="83.015" classname="com.techaspect.framework.testcases.HomePageTest" />
                <testcase name="testSocialShareLinks" time="19.383" classname="com.techaspect.framework.testcases.HomePageTest" />
                <testcase name="testLogo" time="26.071" classname="com.techaspect.framework.testcases.HomePageTest" />
                <testcase name="testSocialShareLinks" time="10.483" classname="com.techaspect.framework.testcases.HomePageTest" />
      
</testsuite>
