<?xml version="1.0" encoding="UTF-8"?>
<testsuite name="Test"
           tests="8"
           failures="1"
           errors="0"
           skipped="5"
           time="122.935">
  <properties />
            <testcase name="testSocialShareLinks" time="56.718" classname="com.techaspect.framework.testcases.HomePageTest">
                <failure type="java.lang.AssertionError"
                  message="expected [Home Centre India - Home] but found [Home Centre India - Home | Facebook]"
              >
<![CDATA[java.lang.AssertionError: expected [Home Centre India - Home] but found [Home Centre India - Home | Facebook]
  org.testng.Assert.fail(Assert.java:93)
  org.testng.Assert.failNotEquals(Assert.java:512)
  org.testng.Assert.assertEqualsImpl(Assert.java:134)
  org.testng.Assert.assertEquals(Assert.java:115)
  org.testng.Assert.assertEquals(Assert.java:189)
  org.testng.Assert.assertEquals(Assert.java:199)
  com.techaspect.framework.testcases.HomePageTest.testSocialShareLinks(HomePageTest.java:38)
  sun.reflect.NativeMethodAccessorImpl.invoke0(Native Method)
  sun.reflect.NativeMethodAccessorImpl.invoke(NativeMethodAccessorImpl.java:62)
  sun.reflect.DelegatingMethodAccessorImpl.invoke(DelegatingMethodAccessorImpl.java:43)
  java.lang.reflect.Method.invoke(Method.java:498)
  org.testng.internal.MethodInvocationHelper.invokeMethod(MethodInvocationHelper.java:108)
  org.testng.internal.Invoker.invokeMethod(Invoker.java:661)
  org.testng.internal.Invoker.retryFailed(Invoker.java:1014)
  org.testng.internal.Invoker.invokeTestMethods(Invoker.java:1215)
  org.testng.internal.TestMethodWorker.invokeTestMethods(TestMethodWorker.java:126)
  org.testng.internal.TestMethodWorker.run(TestMethodWorker.java:109)
  java.util.concurrent.ThreadPoolExecutor.runWorker(ThreadPoolExecutor.java:1142)
  java.util.concurrent.ThreadPoolExecutor$Worker.run(ThreadPoolExecutor.java:617)
  java.lang.Thread.run(Thread.java:745)
]]>
      </failure>

          </testcase>
  
            <testcase name="testSocialShareLinks" time="0.0" classname="com.techaspect.framework.testcases.HomePageTest">
          <skipped />
    </testcase>
            <testcase name="testSocialShareLinks" time="0.0" classname="com.techaspect.framework.testcases.HomePageTest">
          <skipped />
    </testcase>
            <testcase name="testSocialShareLinks" time="0.0" classname="com.techaspect.framework.testcases.HomePageTest">
          <skipped />
    </testcase>
            <testcase name="testSocialShareLinks" time="0.0" classname="com.techaspect.framework.testcases.HomePageTest">
          <skipped />
    </testcase>
            <testcase name="testSocialShareLinks" time="0.0" classname="com.techaspect.framework.testcases.HomePageTest">
          <skipped />
    </testcase>
  
            <testcase name="testLogo" time="5.660" classname="com.techaspect.framework.testcases.HomePageTest" />
                <testcase name="testSocialShareLinks" time="8.602" classname="com.techaspect.framework.testcases.HomePageTest" />
      
</testsuite>
